2025-10-23 08:05:57,340 - __main__ - INFO - Starting document comparison pipeline
2025-10-23 08:05:57,342 - __main__ - INFO - Validating input files...
2025-10-23 08:05:57,342 - __main__ - INFO - Initializing components...
2025-10-23 08:05:57,342 - embedder - INFO - Loading embedding model: all-MiniLM-L6-v2
2025-10-23 08:05:57,347 - sentence_transformers.SentenceTransformer - INFO - Load pretrained SentenceTransformer: all-MiniLM-L6-v2
2025-10-23 08:06:02,800 - embedder - INFO - Model loaded successfully
2025-10-23 08:06:02,800 - __main__ - INFO - Processing version1.pdf...
2025-10-23 08:06:04,252 - pdf_extractor - INFO - Extracted 366631 characters from data\version1.pdf
2025-10-23 08:06:04,259 - pdf_extractor - INFO - Split text into 861 chunks
2025-10-23 08:06:04,260 - __main__ - INFO - Processing version2.pdf...
2025-10-23 08:06:05,094 - pdf_extractor - INFO - Extracted 208125 characters from data\version2.pdf
2025-10-23 08:06:05,099 - pdf_extractor - INFO - Split text into 483 chunks
2025-10-23 08:06:05,099 - __main__ - INFO - Version 1: 861 chunks
2025-10-23 08:06:05,099 - __main__ - INFO - Version 2: 483 chunks
2025-10-23 08:06:05,099 - __main__ - INFO - Generating embeddings for Version 1...
2025-10-23 08:06:05,101 - embedder - INFO - Generating embeddings for 861 texts...
2025-10-23 08:06:11,258 - embedder - INFO - Processed 320/861 texts
2025-10-23 08:06:16,446 - embedder - INFO - Processed 640/861 texts
2025-10-23 08:06:20,455 - embedder - INFO - Generated embeddings shape: (861, 384)
2025-10-23 08:06:20,460 - embedder - INFO - Saved embeddings to cache: cache\all-MiniLM-L6-v2_bdbec42c8379e54bf954ec35b3f7bed1.pkl
2025-10-23 08:06:20,463 - __main__ - INFO - Generating embeddings for Version 2...
2025-10-23 08:06:20,464 - embedder - INFO - Generating embeddings for 483 texts...
2025-10-23 08:06:27,416 - embedder - INFO - Processed 320/483 texts
2025-10-23 08:06:31,850 - embedder - INFO - Generated embeddings shape: (483, 384)
2025-10-23 08:06:31,854 - embedder - INFO - Saved embeddings to cache: cache\all-MiniLM-L6-v2_7aa106d3373c95f531687c1a6ed5e24a.pkl
2025-10-23 08:06:31,857 - __main__ - INFO - Comparing documents...
2025-10-23 08:06:31,857 - comparator - INFO - Starting bidirectional comparison...
2025-10-23 08:06:32,068 - comparator - INFO - Comparison complete
2025-10-23 08:06:32,069 - __main__ - INFO - Generating reports...
2025-10-23 08:06:32,099 - reporter - INFO - CSV report saved to output\comparison_report.csv
2025-10-23 08:06:32,105 - reporter - INFO - Detailed report saved to output\detailed_report.txt
2025-10-23 08:06:32,106 - reporter - INFO - Summary saved to output\summary.txt
2025-10-23 08:06:32,106 - reporter - INFO - Generated 3 reports
2025-10-23 08:06:32,107 - __main__ - INFO - Pipeline completed successfully
